<?xml version="1.0" encoding="UTF-8"?>
<!-- Generated by org.testng.reporters.JUnitXMLReporter -->
<testsuite hostname="DESKTOP-KNODTNC" name="Test1" tests="5" failures="0" timestamp="22 Aug 2020 11:32:16 GMT" time="72.724" errors="0">
  <testcase name="test2" time="14.641" classname="PracticesBYTestNG.ParallelExecution"/>
  <testcase name="test3" time="51.513" classname="PracticesBYTestNG.ParallelExecution"/>
  <testcase name="test1" time="51.523" classname="PracticesBYTestNG.ParallelExecution"/>
  <testcase name="test4" time="35.868" classname="PracticesBYTestNG.ParallelExecution"/>
  <testcase name="test5" time="19.488" classname="PracticesBYTestNG.ParallelExecution"/>
</testsuite> <!-- Test1 -->
