<?xml version="1.0" encoding="UTF-8"?>
<testng-results skipped="4" failed="1" total="5" passed="0">
  <reporter-output>
  </reporter-output>
  <suite name="Default suite" duration-ms="30006" started-at="2020-08-23T02:45:27Z" finished-at="2020-08-23T02:45:57Z">
    <groups>
    </groups>
    <test name="Default test" duration-ms="30006" started-at="2020-08-23T02:45:27Z" finished-at="2020-08-23T02:45:57Z">
      <class name="PracticesBYTestNG.TestNGDataProvider">
        <test-method status="PASS" signature="startUp()[pri:0, instance:PracticesBYTestNG.TestNGDataProvider@675d3402]" name="startUp" is-config="true" duration-ms="27414" started-at="2020-08-23T08:15:30Z" finished-at="2020-08-23T08:15:57Z">
          <reporter-output>
          </reporter-output>
        </test-method> <!-- startUp -->
        <test-method status="FAIL" signature="loginPage(java.lang.String, java.lang.String)[pri:0, instance:PracticesBYTestNG.TestNGDataProvider@675d3402]" name="loginPage" duration-ms="65" started-at="2020-08-23T08:15:57Z" data-provider="testData" finished-at="2020-08-23T08:15:57Z">
          <params>
            <param index="0">
              <value>
                <![CDATA[NAME]]>
              </value>
            </param>
            <param index="1">
              <value>
                <![CDATA[PASSWORD]]>
              </value>
            </param>
          </params>
          <exception class="java.lang.NullPointerException">
            <full-stacktrace>
              <![CDATA[java.lang.NullPointerException
	at PracticesBYTestNG.TestNGDataProvider.loginPage(TestNGDataProvider.java:82)
	at sun.reflect.NativeMethodAccessorImpl.invoke0(Native Method)
	at sun.reflect.NativeMethodAccessorImpl.invoke(Unknown Source)
	at sun.reflect.DelegatingMethodAccessorImpl.invoke(Unknown Source)
	at java.lang.reflect.Method.invoke(Unknown Source)
	at org.testng.internal.MethodInvocationHelper.invokeMethod(MethodInvocationHelper.java:86)
	at org.testng.internal.Invoker.invokeMethod(Invoker.java:646)
	at org.testng.internal.Invoker.invokeTestMethod(Invoker.java:823)
	at org.testng.internal.Invoker.invokeTestMethods(Invoker.java:1131)
	at org.testng.internal.TestMethodWorker.invokeTestMethods(TestMethodWorker.java:129)
	at org.testng.internal.TestMethodWorker.run(TestMethodWorker.java:112)
	at org.testng.TestRunner.privateRun(TestRunner.java:778)
	at org.testng.TestRunner.run(TestRunner.java:632)
	at org.testng.SuiteRunner.runTest(SuiteRunner.java:366)
	at org.testng.SuiteRunner.runSequentially(SuiteRunner.java:361)
	at org.testng.SuiteRunner.privateRun(SuiteRunner.java:319)
	at org.testng.SuiteRunner.run(SuiteRunner.java:268)
	at org.testng.SuiteRunnerWorker.runSuite(SuiteRunnerWorker.java:52)
	at org.testng.SuiteRunnerWorker.run(SuiteRunnerWorker.java:86)
	at org.testng.TestNG.runSuitesSequentially(TestNG.java:1225)
	at org.testng.TestNG.runSuitesLocally(TestNG.java:1150)
	at org.testng.TestNG.runSuites(TestNG.java:1075)
	at org.testng.TestNG.run(TestNG.java:1047)
	at org.testng.remote.AbstractRemoteTestNG.run(AbstractRemoteTestNG.java:126)
	at org.testng.remote.RemoteTestNG.initAndRun(RemoteTestNG.java:137)
	at org.testng.remote.RemoteTestNG.main(RemoteTestNG.java:58)
]]>
            </full-stacktrace>
          </exception> <!-- java.lang.NullPointerException -->
          <reporter-output>
          </reporter-output>
        </test-method> <!-- loginPage -->
        <test-method status="FAIL" signature="close()[pri:0, instance:PracticesBYTestNG.TestNGDataProvider@675d3402]" name="close" is-config="true" duration-ms="0" started-at="2020-08-23T08:15:57Z" finished-at="2020-08-23T08:15:57Z">
          <exception class="java.lang.NullPointerException">
            <full-stacktrace>
              <![CDATA[java.lang.NullPointerException
	at PracticesBYTestNG.TestNGDataProvider.close(TestNGDataProvider.java:92)
	at sun.reflect.NativeMethodAccessorImpl.invoke0(Native Method)
	at sun.reflect.NativeMethodAccessorImpl.invoke(Unknown Source)
	at sun.reflect.DelegatingMethodAccessorImpl.invoke(Unknown Source)
	at java.lang.reflect.Method.invoke(Unknown Source)
	at org.testng.internal.MethodInvocationHelper.invokeMethod(MethodInvocationHelper.java:86)
	at org.testng.internal.Invoker.invokeConfigurationMethod(Invoker.java:515)
	at org.testng.internal.Invoker.invokeConfigurations(Invoker.java:216)
	at org.testng.internal.Invoker.invokeMethod(Invoker.java:712)
	at org.testng.internal.Invoker.invokeTestMethod(Invoker.java:823)
	at org.testng.internal.Invoker.invokeTestMethods(Invoker.java:1131)
	at org.testng.internal.TestMethodWorker.invokeTestMethods(TestMethodWorker.java:129)
	at org.testng.internal.TestMethodWorker.run(TestMethodWorker.java:112)
	at org.testng.TestRunner.privateRun(TestRunner.java:778)
	at org.testng.TestRunner.run(TestRunner.java:632)
	at org.testng.SuiteRunner.runTest(SuiteRunner.java:366)
	at org.testng.SuiteRunner.runSequentially(SuiteRunner.java:361)
	at org.testng.SuiteRunner.privateRun(SuiteRunner.java:319)
	at org.testng.SuiteRunner.run(SuiteRunner.java:268)
	at org.testng.SuiteRunnerWorker.runSuite(SuiteRunnerWorker.java:52)
	at org.testng.SuiteRunnerWorker.run(SuiteRunnerWorker.java:86)
	at org.testng.TestNG.runSuitesSequentially(TestNG.java:1225)
	at org.testng.TestNG.runSuitesLocally(TestNG.java:1150)
	at org.testng.TestNG.runSuites(TestNG.java:1075)
	at org.testng.TestNG.run(TestNG.java:1047)
	at org.testng.remote.AbstractRemoteTestNG.run(AbstractRemoteTestNG.java:126)
	at org.testng.remote.RemoteTestNG.initAndRun(RemoteTestNG.java:137)
	at org.testng.remote.RemoteTestNG.main(RemoteTestNG.java:58)
]]>
            </full-stacktrace>
          </exception> <!-- java.lang.NullPointerException -->
          <reporter-output>
          </reporter-output>
        </test-method> <!-- close -->
        <test-method status="SKIP" signature="startUp()[pri:0, instance:PracticesBYTestNG.TestNGDataProvider@675d3402]" name="startUp" is-config="true" duration-ms="0" started-at="2020-08-23T08:15:57Z" finished-at="2020-08-23T08:15:57Z">
          <reporter-output>
          </reporter-output>
        </test-method> <!-- startUp -->
        <test-method status="SKIP" signature="loginPage(java.lang.String, java.lang.String)[pri:0, instance:PracticesBYTestNG.TestNGDataProvider@675d3402]" name="loginPage" duration-ms="1" started-at="2020-08-23T08:15:57Z" data-provider="testData" finished-at="2020-08-23T08:15:57Z">
          <params>
            <param index="0">
              <value>
                <![CDATA[Venkatraman]]>
              </value>
            </param>
            <param index="1">
              <value>
                <![CDATA[12345.0]]>
              </value>
            </param>
          </params>
          <reporter-output>
          </reporter-output>
        </test-method> <!-- loginPage -->
        <test-method status="SKIP" signature="close()[pri:0, instance:PracticesBYTestNG.TestNGDataProvider@675d3402]" name="close" is-config="true" duration-ms="0" started-at="2020-08-23T08:15:57Z" finished-at="2020-08-23T08:15:57Z">
          <reporter-output>
          </reporter-output>
        </test-method> <!-- close -->
        <test-method status="SKIP" signature="startUp()[pri:0, instance:PracticesBYTestNG.TestNGDataProvider@675d3402]" name="startUp" is-config="true" duration-ms="0" started-at="2020-08-23T08:15:57Z" finished-at="2020-08-23T08:15:57Z">
          <reporter-output>
          </reporter-output>
        </test-method> <!-- startUp -->
        <test-method status="SKIP" signature="loginPage(java.lang.String, java.lang.String)[pri:0, instance:PracticesBYTestNG.TestNGDataProvider@675d3402]" name="loginPage" duration-ms="2" started-at="2020-08-23T08:15:57Z" data-provider="testData" finished-at="2020-08-23T08:15:57Z">
          <params>
            <param index="0">
              <value>
                <![CDATA[rajakumar]]>
              </value>
            </param>
            <param index="1">
              <value>
                <![CDATA[78945.0]]>
              </value>
            </param>
          </params>
          <reporter-output>
          </reporter-output>
        </test-method> <!-- loginPage -->
        <test-method status="SKIP" signature="close()[pri:0, instance:PracticesBYTestNG.TestNGDataProvider@675d3402]" name="close" is-config="true" duration-ms="0" started-at="2020-08-23T08:15:57Z" finished-at="2020-08-23T08:15:57Z">
          <reporter-output>
          </reporter-output>
        </test-method> <!-- close -->
        <test-method status="SKIP" signature="startUp()[pri:0, instance:PracticesBYTestNG.TestNGDataProvider@675d3402]" name="startUp" is-config="true" duration-ms="0" started-at="2020-08-23T08:15:57Z" finished-at="2020-08-23T08:15:57Z">
          <reporter-output>
          </reporter-output>
        </test-method> <!-- startUp -->
        <test-method status="SKIP" signature="loginPage(java.lang.String, java.lang.String)[pri:0, instance:PracticesBYTestNG.TestNGDataProvider@675d3402]" name="loginPage" duration-ms="1" started-at="2020-08-23T08:15:57Z" data-provider="testData" finished-at="2020-08-23T08:15:57Z">
          <params>
            <param index="0">
              <value>
                <![CDATA[thilaga]]>
              </value>
            </param>
            <param index="1">
              <value>
                <![CDATA[45612.0]]>
              </value>
            </param>
          </params>
          <reporter-output>
          </reporter-output>
        </test-method> <!-- loginPage -->
        <test-method status="SKIP" signature="close()[pri:0, instance:PracticesBYTestNG.TestNGDataProvider@675d3402]" name="close" is-config="true" duration-ms="0" started-at="2020-08-23T08:15:57Z" finished-at="2020-08-23T08:15:57Z">
          <reporter-output>
          </reporter-output>
        </test-method> <!-- close -->
        <test-method status="SKIP" signature="startUp()[pri:0, instance:PracticesBYTestNG.TestNGDataProvider@675d3402]" name="startUp" is-config="true" duration-ms="0" started-at="2020-08-23T08:15:57Z" finished-at="2020-08-23T08:15:57Z">
          <reporter-output>
          </reporter-output>
        </test-method> <!-- startUp -->
        <test-method status="SKIP" signature="loginPage(java.lang.String, java.lang.String)[pri:0, instance:PracticesBYTestNG.TestNGDataProvider@675d3402]" name="loginPage" duration-ms="1" started-at="2020-08-23T08:15:57Z" data-provider="testData" finished-at="2020-08-23T08:15:57Z">
          <params>
            <param index="0">
              <value>
                <![CDATA[shalini]]>
              </value>
            </param>
            <param index="1">
              <value>
                <![CDATA[963.0]]>
              </value>
            </param>
          </params>
          <reporter-output>
          </reporter-output>
        </test-method> <!-- loginPage -->
        <test-method status="SKIP" signature="close()[pri:0, instance:PracticesBYTestNG.TestNGDataProvider@675d3402]" name="close" is-config="true" duration-ms="0" started-at="2020-08-23T08:15:57Z" finished-at="2020-08-23T08:15:57Z">
          <reporter-output>
          </reporter-output>
        </test-method> <!-- close -->
      </class> <!-- PracticesBYTestNG.TestNGDataProvider -->
    </test> <!-- Default test -->
  </suite> <!-- Default suite -->
</testng-results>
